c:\projects\gbclient\gbclient\release\psstreamserver.obj
c:\projects\gbclient\gbclient\release\sipcontact.obj
c:\projects\gbclient\gbclient\release\h264decoder.obj
c:\projects\gbclient\gbclient\release\psstreamudpserver.obj
c:\projects\gbclient\gbclient\release\gbclient.obj
c:\projects\gbclient\gbclient\release\aacdecoder.obj
c:\projects\gbclient\gbclient\release\psstreamtcpserver.obj
c:\projects\gbclient\gbclient\release\videowidget.obj
c:\projects\gbclient\gbclient\release\deviceinfos.obj
c:\projects\gbclient\gbclient\release\tinystr.obj
c:\projects\gbclient\gbclient\release\tinyxml.obj
c:\projects\gbclient\gbclient\release\tinyxmlerror.obj
c:\projects\gbclient\gbclient\release\tinyxmlparser.obj
c:\projects\gbclient\gbclient\release\main.obj
c:\projects\gbclient\gbclient\release\qrc_gbclient.obj
c:\projects\gbclient\gbclient\release\moc_deviceinfos.obj
c:\projects\gbclient\gbclient\release\moc_psstreamudpserver.obj
c:\projects\gbclient\gbclient\release\moc_gbclient.obj
c:\projects\gbclient\gbclient\release\moc_h264decoder.obj
c:\projects\gbclient\gbclient\release\moc_aacdecoder.obj
c:\projects\gbclient\gbclient\release\moc_psstreamserver.obj
c:\projects\gbclient\gbclient\release\moc_videowidget.obj
c:\projects\gbclient\gbclient\release\moc_psstreamtcpserver.obj
c:\projects\gbclient\gbclient\release\uic\ui_gbclient.h
c:\projects\gbclient\gbclient\release\uic\ui_videowidget.h
c:\projects\gbclient\gbclient\release\rcc\qrc_gbclient.cpp
c:\projects\gbclient\gbclient\release\moc\moc_gbclient.cpp
c:\projects\gbclient\gbclient\release\moc\moc_aacdecoder.cpp
c:\projects\gbclient\gbclient\release\moc\moc_videowidget.cpp
c:\projects\gbclient\gbclient\release\moc\moc_deviceinfos.cpp
c:\projects\gbclient\gbclient\release\moc\moc_psstreamserver.cpp
c:\projects\gbclient\gbclient\release\moc\moc_psstreamtcpserver.cpp
c:\projects\gbclient\gbclient\release\moc\moc_psstreamudpserver.cpp
c:\projects\gbclient\gbclient\release\moc\moc_h264decoder.cpp
c:\projects\gbclient\release\gbclient.exe
c:\projects\gbclient\gbclient\release\gbclient.tlog\cl.command.1.tlog
c:\projects\gbclient\gbclient\release\gbclient.tlog\cl.read.1.tlog
c:\projects\gbclient\gbclient\release\gbclient.tlog\cl.write.1.tlog
c:\projects\gbclient\gbclient\release\gbclient.tlog\gbclient.write.1u.tlog
c:\projects\gbclient\gbclient\release\gbclient.tlog\link.command.1.tlog
c:\projects\gbclient\gbclient\release\gbclient.tlog\link.read.1.tlog
c:\projects\gbclient\gbclient\release\gbclient.tlog\link.write.1.tlog
c:\projects\gbclient\gbclient\release\gbclient.tlog\moc.read.1u.tlog
c:\projects\gbclient\gbclient\release\gbclient.tlog\moc.write.1u.tlog
c:\projects\gbclient\gbclient\release\gbclient.tlog\rcc.read.1u.tlog
c:\projects\gbclient\gbclient\release\gbclient.tlog\rcc.write.1u.tlog
c:\projects\gbclient\gbclient\release\gbclient.tlog\uic.read.1u.tlog
c:\projects\gbclient\gbclient\release\gbclient.tlog\uic.write.1u.tlog
